<?xml version="1.0" encoding="UTF-8"?>
<!-- Generated by org.testng.reporters.JUnitReportReporter -->
<testsuite hostname="LAPTOP-1ID1T4IC" failures="0" tests="6" name="api.test.DDtest" time="9.360" errors="0" timestamp="2024-11-29T12:43:50 IST" skipped="0">
  <testcase classname="api.test.DDtest" name="testPostUser" time="1.673"/>
  <testcase classname="api.test.DDtest" name="testPostUser" time="1.574"/>
  <testcase classname="api.test.DDtest" name="testPostUser" time="1.438"/>
  <testcase classname="api.test.DDtest" name="testDeleteByUser" time="1.569"/>
  <testcase classname="api.test.DDtest" name="testDeleteByUser" time="1.478"/>
  <testcase classname="api.test.DDtest" name="testDeleteByUser" time="1.628"/>
</testsuite> <!-- api.test.DDtest -->
