<?xml version="1.0" encoding="UTF-8"?>
<!-- Generated by org.testng.reporters.JUnitReportReporter -->
<testsuite hostname="LAPTOP-1ID1T4IC" failures="0" tests="4" name="api.test.UserTest" time="11.929" errors="0" timestamp="2024-11-30T07:40:07 IST" skipped="0">
  <testcase classname="api.test.UserTest" name="testPostUser" time="5.366"/>
  <testcase classname="api.test.UserTest" name="testGetUserByName" time="1.800"/>
  <testcase classname="api.test.UserTest" name="testUpdateUserByName" time="3.173"/>
  <testcase classname="api.test.UserTest" name="testDeleteByName" time="1.590"/>
</testsuite> <!-- api.test.UserTest -->
